{"C:\\Users\\mr bree\\Desktop\\MICROVERSE\\KanbanBoard\\src\\sum.js": {"path":"C:\\Users\\mr bree\\Desktop\\MICROVERSE\\KanbanBoard\\src\\sum.js","statementMap":{"0":{"start":{"line":2,"column":4},"end":{"line":2,"column":17}},"1":{"start":{"line":4,"column":2},"end":{"line":4,"column":23}}},"fnMap":{"0":{"name":"sum","decl":{"start":{"line":1,"column":9},"end":{"line":1,"column":12}},"loc":{"start":{"line":1,"column":19},"end":{"line":3,"column":3}},"line":1}},"branchMap":{},"s":{"0":1,"1":1},"f":{"0":1},"b":{},"_coverageSchema":"1a1c01bbd47fc00a2c39e90264f33305004495a9","hash":"4280cb7ce9ff173364f2bbe4a2d6842c330943e8"}
}
